'PNR_SDC_FILE' is not defined. Using generic fallback SDC for OpenROAD PnR steps.
'SIGNOFF_SDC_FILE' is not defined. Using generic fallback SDC for OpenROAD PnR steps.
[STA-0337] port '__VIRTUAL_CLK__' not found.
[STA-0337] port '__VIRTUAL_CLK__' not found.
[STA-0559] transition time can not be specified for virtual clocks.
[IFP-0028] Core area lower left (10.000, 11.000) snapped to (10.080, 11.760).
[STA-0337] port '__VIRTUAL_CLK__' not found.
[STA-0337] port '__VIRTUAL_CLK__' not found.
[STA-0559] transition time can not be specified for virtual clocks.
[STA-0337] port '__VIRTUAL_CLK__' not found.
[STA-0337] port '__VIRTUAL_CLK__' not found.
[STA-0559] transition time can not be specified for virtual clocks.
[STA-0337] port '__VIRTUAL_CLK__' not found.
[STA-0337] port '__VIRTUAL_CLK__' not found.
[STA-0559] transition time can not be specified for virtual clocks.
[STA-0337] port '__VIRTUAL_CLK__' not found.
[STA-0337] port '__VIRTUAL_CLK__' not found.
[STA-0559] transition time can not be specified for virtual clocks.
[STA-0337] port '__VIRTUAL_CLK__' not found.
[STA-0337] port '__VIRTUAL_CLK__' not found.
[STA-0559] transition time can not be specified for virtual clocks.
[STA-0337] port '__VIRTUAL_CLK__' not found.
[STA-0337] port '__VIRTUAL_CLK__' not found.
[STA-0559] transition time can not be specified for virtual clocks.
[STA-0357] virtual clock __VIRTUAL_CLK__ can not be propagated.
[STA-0337] port '__VIRTUAL_CLK__' not found.
[STA-0337] port '__VIRTUAL_CLK__' not found.
[STA-0559] transition time can not be specified for virtual clocks.
[STA-0337] port '__VIRTUAL_CLK__' not found.
[STA-0337] port '__VIRTUAL_CLK__' not found.
[STA-0559] transition time can not be specified for virtual clocks.
[STA-0337] port '__VIRTUAL_CLK__' not found.
[STA-0337] port '__VIRTUAL_CLK__' not found.
[STA-0559] transition time can not be specified for virtual clocks.
[STA-0357] virtual clock __VIRTUAL_CLK__ can not be propagated.
[STA-0337] port '__VIRTUAL_CLK__' not found.
[STA-0337] port '__VIRTUAL_CLK__' not found.
[STA-0559] transition time can not be specified for virtual clocks.
[STA-0357] virtual clock __VIRTUAL_CLK__ can not be propagated.
[STA-0337] port '__VIRTUAL_CLK__' not found.
[STA-0337] port '__VIRTUAL_CLK__' not found.
[STA-0559] transition time can not be specified for virtual clocks.
[STA-0357] virtual clock __VIRTUAL_CLK__ can not be propagated.
[STA-0337] port '__VIRTUAL_CLK__' not found.
[STA-0337] port '__VIRTUAL_CLK__' not found.
[STA-0559] transition time can not be specified for virtual clocks.
[STA-0357] virtual clock __VIRTUAL_CLK__ can not be propagated.
[STA-0337] port '__VIRTUAL_CLK__' not found.
[STA-0337] port '__VIRTUAL_CLK__' not found.
[STA-0559] transition time can not be specified for virtual clocks.
[STA-0337] port '__VIRTUAL_CLK__' not found.
[STA-0337] port '__VIRTUAL_CLK__' not found.
[STA-0559] transition time can not be specified for virtual clocks.
[STA-0357] virtual clock __VIRTUAL_CLK__ can not be propagated.
[STA-0337] port '__VIRTUAL_CLK__' not found.
[STA-0337] port '__VIRTUAL_CLK__' not found.
[STA-0559] transition time can not be specified for virtual clocks.
[STA-0337] port '__VIRTUAL_CLK__' not found.
[STA-0337] port '__VIRTUAL_CLK__' not found.
[STA-0559] transition time can not be specified for virtual clocks.
[GRT-0026] Missing route to pin _05_/I.
[GRT-0026] Missing route to pin _04_/ZN.
[GRT-0026] Missing route to pin _08_/I.
[GRT-0026] Missing route to pin _07_/ZN.
[GRT-0026] Missing route to pin input1/I.
[GRT-0026] Missing route to pin b_in[0].
[GRT-0026] Missing route to pin input2/I.
[GRT-0026] Missing route to pin b_in[1].
[GRT-0026] Missing route to pin input3/I.
[GRT-0026] Missing route to pin b_in[2].
[GRT-0026] Missing route to pin output4/Z.
[GRT-0026] Missing route to pin t_out[0].
[GRT-0026] Missing route to pin output5/Z.
[GRT-0026] Missing route to pin t_out[1].
[GRT-0026] Missing route to pin output6/Z.
[GRT-0026] Missing route to pin t_out[2].
[GRT-0026] Missing route to pin output7/Z.
[GRT-0026] Missing route to pin t_out[3].
[GRT-0026] Missing route to pin output8/Z.
[GRT-0026] Missing route to pin t_out[4].
[GRT-0026] Missing route to pin output9/Z.
[GRT-0026] Missing route to pin t_out[5].
[GRT-0026] Missing route to pin output10/Z.
[GRT-0026] Missing route to pin t_out[6].
[GRT-0026] Missing route to pin input1/Z.
[GRT-0026] Missing route to pin _09_/A1.
[GRT-0026] Missing route to pin _07_/A1.
[GRT-0026] Missing route to pin _04_/A1.
[GRT-0026] Missing route to pin _03_/A1.
[GRT-0026] Missing route to pin input2/Z.
[GRT-0026] Missing route to pin _07_/A2.
[GRT-0026] Missing route to pin _06_/A1.
[GRT-0026] Missing route to pin _04_/A2.
[GRT-0026] Missing route to pin _02_/A1.
[GRT-0026] Missing route to pin input3/Z.
[GRT-0026] Missing route to pin _10_/I.
[GRT-0026] Missing route to pin _07_/B.
[GRT-0026] Missing route to pin _06_/A2.
[GRT-0026] Missing route to pin _04_/B.
[GRT-0026] Missing route to pin _02_/A2.
[GRT-0026] Missing route to pin output4/I.
[GRT-0026] Missing route to pin _03_/Z.
[GRT-0026] Missing route to pin output5/I.
[GRT-0026] Missing route to pin _03_/A2.
[GRT-0026] Missing route to pin _02_/Z.
[GRT-0026] Missing route to pin output6/I.
[GRT-0026] Missing route to pin _05_/ZN.
[GRT-0026] Missing route to pin output7/I.
[GRT-0026] Missing route to pin _10_/Z.
[GRT-0026] Missing route to pin output8/I.
[GRT-0026] Missing route to pin _08_/ZN.
[GRT-0026] Missing route to pin output9/I.
[GRT-0026] Missing route to pin _09_/A2.
[GRT-0026] Missing route to pin _06_/Z.
[GRT-0026] Missing route to pin output10/I.
[GRT-0026] Missing route to pin _09_/Z.
[STA-0357] virtual clock __VIRTUAL_CLK__ can not be propagated.
[STA-0337] port '__VIRTUAL_CLK__' not found.
[STA-0337] port '__VIRTUAL_CLK__' not found.
[STA-0559] transition time can not be specified for virtual clocks.
[STA-0337] port '__VIRTUAL_CLK__' not found.
[STA-0337] port '__VIRTUAL_CLK__' not found.
[STA-0559] transition time can not be specified for virtual clocks.
Threshold for Threshold-surpassing long wires is not set. The checker will be skipped.
[STA-0337] port '__VIRTUAL_CLK__' not found.
[STA-0337] port '__VIRTUAL_CLK__' not found.
[STA-0559] transition time can not be specified for virtual clocks.
'VSRC_LOC_FILES' was not given a value, which may make the results of IR drop analysis inaccurate. If you are not integrating a top-level chip for manufacture, you may ignore this warning, otherwise, see the documentation for 'VSRC_LOC_FILES'.
[STA-0337] port '__VIRTUAL_CLK__' not found.
[STA-0337] port '__VIRTUAL_CLK__' not found.
[STA-0559] transition time can not be specified for virtual clocks.
KLayout DRC is not supported for the gf180mcuD PDK. This step will be skipped.
The KLayout DRC errors metric was not found. Are you sure the relevant step was run?
klayout__drc_error__count not reported. KLayout.DRC may have been skipped.
