
Subcircuit summary:
Circuit 1: resistor                        |Circuit 2: resistor                        
-------------------------------------------|-------------------------------------------
B (4)                                      |B (3) **Mismatch**                         
Number of devices: 4 **Mismatch**          |Number of devices: 3 **Mismatch**          
Number of nets: 5                          |Number of nets: 5                          
---------------------------------------------------------------------------------------
NET mismatches: Class fragments follow (with fanout counts):
Circuit 1: resistor                        |Circuit 2: resistor                        

---------------------------------------------------------------------------------------
Net: B                                     |Net: B                                     
  B/(end_a|end_b) = 4                      |  B/(end_a|end_b) = 2                      
---------------------------------------------------------------------------------------
DEVICE mismatches: Class fragments follow (with node fanout counts):
Circuit 1: resistor                        |Circuit 2: resistor                        

---------------------------------------------------------------------------------------
Instance: B:3                              |Instance: B:$1                             
  (end_a,end_b) = (4,4)                    |  (end_a,end_b) = (2,2)                    
                                           |                                           
Instance: B:4                              |(no matching instance)                     
  (end_a,end_b) = (4,4)                    |                                           
                                           |                                           
---------------------------------------------------------------------------------------
Netlists do not match.

Subcircuit pins:
Circuit 1: resistor                        |Circuit 2: resistor                        
-------------------------------------------|-------------------------------------------
B                                          |B                                          
OUT1                                       |OUT2 **Mismatch**                          
VDD                                        |IN2 **Mismatch**                           
VSS                                        |OUT1 **Mismatch**                          
OUT2                                       |IN1 **Mismatch**                           
---------------------------------------------------------------------------------------
Cell pin lists for resistor and resistor altered to match.
Device classes resistor and resistor are equivalent.

Final result: Top level cell failed pin matching.
