
Circuit 1 cell pfet_03v3 and Circuit 2 cell pfet_03v3 are black boxes.
Warning: Equate pins:  cell pfet_03v3 is a placeholder, treated as a black box.
Warning: Equate pins:  cell pfet_03v3 is a placeholder, treated as a black box.

Subcircuit pins:
Circuit 1: pfet_03v3                       |Circuit 2: pfet_03v3                       
-------------------------------------------|-------------------------------------------
1                                          |1                                          
2                                          |2                                          
3                                          |3                                          
4                                          |4                                          
---------------------------------------------------------------------------------------
Cell pin lists are equivalent.
Device classes pfet_03v3 and pfet_03v3 are equivalent.

Class waffle_1984 (1):  Merged 1983 parallel devices.
Subcircuit summary:
Circuit 1: waffle_1984                     |Circuit 2: waffle_1984                     
-------------------------------------------|-------------------------------------------
pfet_03v3 (1984->1)                        |pfet_03v3 (1984->1)                        
Number of devices: 1                       |Number of devices: 1                       
Number of nets: 3                          |Number of nets: 3                          
---------------------------------------------------------------------------------------
Netlists match uniquely with port errors.

Subcircuit pins:
Circuit 1: waffle_1984                     |Circuit 2: waffle_1984                     
-------------------------------------------|-------------------------------------------
S                                          |(no matching pin)                          
G                                          |(no matching pin)                          
D                                          |(no matching pin)                          
S                                          |(no matching pin)                          
G                                          |(no matching pin)                          
D                                          |(no matching pin)                          
---------------------------------------------------------------------------------------
Error:  Connected pin (no pins) (node -2) did not get ordered!
Ports of waffle_1984 are unordered.  Ordering will be arbitrary.
Cell pin lists for waffle_1984 and waffle_1984 altered to match.
Device classes waffle_1984 and waffle_1984 are equivalent.

Final result: Top level cell failed pin matching.
